<?xml version="1.0" encoding="UTF-8"?>
<testng-results skipped="0" failed="0" total="1" passed="1">
  <reporter-output>
  </reporter-output>
  <suite name="Surefire suite" duration-ms="35521" started-at="2016-01-23T18:56:58Z" finished-at="2016-01-23T18:57:33Z">
    <groups>
    </groups>
    <test name="Surefire test" duration-ms="35521" started-at="2016-01-23T18:56:58Z" finished-at="2016-01-23T18:57:33Z">
      <class name="com.globallogic.open.nymgo.page.PageDriverTest">
        <test-method status="PASS" signature="pageOpen()[pri:0, instance:com.globallogic.open.nymgo.page.PageDriverTest@1969fbe]" test-instance-name="" name="pageOpen" duration-ms="35484" started-at="2016-01-23T20:56:58Z" finished-at="2016-01-23T20:57:33Z">
          <reporter-output>
          </reporter-output>
        </test-method> <!-- pageOpen -->
      </class> <!-- com.globallogic.open.nymgo.page.PageDriverTest -->
    </test> <!-- Surefire test -->
  </suite> <!-- Surefire suite -->
</testng-results>
